<?xml version="1.0" encoding="UTF-8"?>
<testsuite name="com.packtpublishing.tddjava.ch03tictactoe.TicTacToeSpec" tests="11" skipped="0" failures="0" errors="0" timestamp="2020-12-11T08:37:39" hostname="lbyComputer" time="0.052">
  <properties/>
  <testcase name="givenLastTurnWasXWhenNextPlayerThenO" classname="com.packtpublishing.tddjava.ch03tictactoe.TicTacToeSpec" time="0.005"/>
  <testcase name="whenYOutsideBoardThenRuntimeException" classname="com.packtpublishing.tddjava.ch03tictactoe.TicTacToeSpec" time="0.022"/>
  <testcase name="whenPlayAndTopBottomDiagonalLineThenWinner" classname="com.packtpublishing.tddjava.ch03tictactoe.TicTacToeSpec" time="0.013"/>
  <testcase name="whenPlayAndWholeHorizontalLineThenWinner" classname="com.packtpublishing.tddjava.ch03tictactoe.TicTacToeSpec" time="0.0"/>
  <testcase name="givenFirstTurnWhenNextPlayerThenX" classname="com.packtpublishing.tddjava.ch03tictactoe.TicTacToeSpec" time="0.0"/>
  <testcase name="whenPlayAndWholeVerticaLineThenWinner" classname="com.packtpublishing.tddjava.ch03tictactoe.TicTacToeSpec" time="0.0"/>
  <testcase name="whenXOutsideBoardThenRuntimeException" classname="com.packtpublishing.tddjava.ch03tictactoe.TicTacToeSpec" time="0.0"/>
  <testcase name="whenPlayAndBottomTopDiagonalLineThenWinner" classname="com.packtpublishing.tddjava.ch03tictactoe.TicTacToeSpec" time="0.001"/>
  <testcase name="whenOccupiedThenRuntimeException" classname="com.packtpublishing.tddjava.ch03tictactoe.TicTacToeSpec" time="0.001"/>
  <testcase name="whenPlayThenNowWinner" classname="com.packtpublishing.tddjava.ch03tictactoe.TicTacToeSpec" time="0.001"/>
  <testcase name="whenAllBoxesAreFilledThenDraw" classname="com.packtpublishing.tddjava.ch03tictactoe.TicTacToeSpec" time="0.001"/>
  <system-out><![CDATA[]]></system-out>
  <system-err><![CDATA[]]></system-err>
</testsuite>
