<?xml version="1.0" encoding="UTF-8"?>
<testsuite name="com.packtpublishing.tddjava.ch03tictactoe.TicTacToeSpec" tests="10" skipped="0" failures="0" errors="0" timestamp="2020-12-10T14:48:30" hostname="lbyComputer" time="0.048">
  <properties/>
  <testcase name="givenLastTurnWasXWhenNextPlayerThenO" classname="com.packtpublishing.tddjava.ch03tictactoe.TicTacToeSpec" time="0.004"/>
  <testcase name="whenYOutsideBoardThenRuntimeException" classname="com.packtpublishing.tddjava.ch03tictactoe.TicTacToeSpec" time="0.024"/>
  <testcase name="whenPlayAndTopBottomDiagonalLineThenWinner" classname="com.packtpublishing.tddjava.ch03tictactoe.TicTacToeSpec" time="0.009"/>
  <testcase name="whenPlayAndWholeHorizontalLineThenWinner" classname="com.packtpublishing.tddjava.ch03tictactoe.TicTacToeSpec" time="0.0"/>
  <testcase name="givenFirstTurnWhenNextPlayerThenX" classname="com.packtpublishing.tddjava.ch03tictactoe.TicTacToeSpec" time="0.0"/>
  <testcase name="whenPlayAndWholeVerticaLineThenWinner" classname="com.packtpublishing.tddjava.ch03tictactoe.TicTacToeSpec" time="0.0"/>
  <testcase name="whenXOutsideBoardThenRuntimeException" classname="com.packtpublishing.tddjava.ch03tictactoe.TicTacToeSpec" time="0.0"/>
  <testcase name="whenPlayAndBottomTopDiagonalLineThenWinner" classname="com.packtpublishing.tddjava.ch03tictactoe.TicTacToeSpec" time="0.0"/>
  <testcase name="whenOccupiedThenRuntimeException" classname="com.packtpublishing.tddjava.ch03tictactoe.TicTacToeSpec" time="0.0"/>
  <testcase name="whenPlayThenNowWinner" classname="com.packtpublishing.tddjava.ch03tictactoe.TicTacToeSpec" time="0.0"/>
  <system-out><![CDATA[]]></system-out>
  <system-err><![CDATA[]]></system-err>
</testsuite>
