<?xml version="1.0" encoding="UTF-8"?>
<testsuite name="com.packtpublishing.tddjava.ch03tictactoe.TicTacToeSpec" tests="5" skipped="0" failures="0" errors="0" timestamp="2020-12-10T14:17:20" hostname="lbyComputer" time="0.023">
  <properties/>
  <testcase name="givenLastTurnWasXWhenNextPlayerThenO" classname="com.packtpublishing.tddjava.ch03tictactoe.TicTacToeSpec" time="0.002"/>
  <testcase name="whenYOutsideBoardThenRuntimeException" classname="com.packtpublishing.tddjava.ch03tictactoe.TicTacToeSpec" time="0.017"/>
  <testcase name="givenFirstTurnWhenNextPlayerThenX" classname="com.packtpublishing.tddjava.ch03tictactoe.TicTacToeSpec" time="0.0"/>
  <testcase name="whenXOutsideBoardThenRuntimeException" classname="com.packtpublishing.tddjava.ch03tictactoe.TicTacToeSpec" time="0.0"/>
  <testcase name="whenOccupiedThenRuntimeException" classname="com.packtpublishing.tddjava.ch03tictactoe.TicTacToeSpec" time="0.0"/>
  <system-out><![CDATA[]]></system-out>
  <system-err><![CDATA[]]></system-err>
</testsuite>
